<?xml version="1.0" encoding="UTF-8"?>
<testsuite xmlns:xsi="http://www.w3.org/2001/XMLSchema-instance" xsi:noNamespaceSchemaLocation="https://maven.apache.org/surefire/maven-surefire-plugin/xsd/surefire-test-report-3.0.xsd" version="3.0" name="deu.cse.lectureroomreservation2.client.ClientTest" time="0.449" tests="2" errors="0" skipped="0" failures="0">
  <properties>
[...]
</properties>
  <testcase name="testRun01" classname="deu.cse.lectureroomreservation2.client.ClientTest" time="0.386">
    <system-out><![CDATA[

===> admin 계정으로 정상 로그인하는 경우
>>> isTestEnvironment = true
>>> id = admin, password = admin



실행을 종료합니다.
]]></system-out>
  </testcase>
  <testcase name="testRun02" classname="deu.cse.lectureroomreservation2.client.ClientTest" time="0.018">
    <system-out><![CDATA[

===> admin 계정으로 로그인 실패하는 경우
>>> isTestEnvironment = true
>>> id = admin, password = admin***



로그인 ID나 암호가 맞지 않아 로그인을 실패했습니다.
]]></system-out>
  </testcase>
</testsuite>