<?xml version="1.0" encoding="UTF-8"?>
<testsuite xmlns:xsi="http://www.w3.org/2001/XMLSchema-instance" xsi:noNamespaceSchemaLocation="https://maven.apache.org/surefire/maven-surefire-plugin/xsd/surefire-test-report-3.0.xsd" version="3.0" name="deu.cse.lectureroomreservation2.server.control.TableRearrangeTest" time="0.157" tests="2" errors="0" skipped="0" failures="0">
  <properties>
[...]
</properties>
  <testcase name="testInsertTable" classname="deu.cse.lectureroomreservation2.server.control.TableRearrangeTest" time="0.123">
    <system-out><![CDATA[확인용09:00
확인용09:50
확인용908
확인용학생예약
확인용25/05/26
확인용10:00
확인용10:50
확인용null
확인용공실
확인용null
확인용11:00
확인용11:50
확인용null
확인용공실
확인용null
확인용12:00
확인용12:50
확인용null
확인용공실
확인용null
확인용13:00
확인용13:50
확인용null
확인용공실
확인용null
확인용14:00
확인용14:50
확인용null
확인용공실
확인용null
확인용15:00
확인용15:50
확인용null
확인용공실
확인용null
확인용16:00
확인용16:50
확인용null
확인용공실
확인용null
확인용17:00
확인용17:50
확인용null
확인용공실
확인용null
]]></system-out>
  </testcase>
  <testcase name="testQuickInsertTable2" classname="deu.cse.lectureroomreservation2.server.control.TableRearrangeTest" time="0.017">
    <system-out><![CDATA[[09:00, 09:50, 908, 1, 25/05/20]
[10:00, 10:50, 908, 1, 25/05/20]
[null, null, null, null, null]
[null, null, null, null, null]
[09:00, 09:50, 908, 1, 25/05/20]
[10:00, 10:50, 908, 1, 25/05/20]
[11:00, 11:50, 908, error, 화]
[15:00, 15:50, 911, error, 월]
현재 시간: 00:55+25/05/21, 요일: 수
11:00
25/05/30
금
test입니다1:FinalReservations출력
test입니다1-1:정렬및 공백 삭제후FinalReservations출력
test입니다2:finalReservationsArray출력
test입니다3:정렬후finalReservationsArray출력
남은 예약 정보:필요없는 값 제거
가능한 예약 정보:가장 빠른 시간대의 강의실 5개
[12:00, 12:50, 908]
[12:00, 12:50, 911]
[12:00, 12:50, 912]
[12:00, 12:50, 913]
[12:00, 12:50, 914]
확인용12:00
확인용12:50
확인용908
확인용공실
확인용25/05/21
확인용12:00
확인용12:50
확인용911
확인용공실
확인용25/05/21
확인용12:00
확인용12:50
확인용912
확인용공실
확인용25/05/21
확인용12:00
확인용12:50
확인용913
확인용공실
확인용25/05/21
확인용12:00
확인용12:50
확인용914
확인용공실
확인용25/05/21
]]></system-out>
  </testcase>
</testsuite>