<?xml version="1.0" encoding="UTF-8"?>
<testsuite xmlns:xsi="http://www.w3.org/2001/XMLSchema-instance" xsi:noNamespaceSchemaLocation="https://maven.apache.org/surefire/maven-surefire-plugin/xsd/surefire-test-report-3.0.xsd" version="3.0" name="deu.cse.lectureroomreservation2.server.control.LoginControllerTest" time="0.087" tests="4" errors="0" skipped="0" failures="1">
  <properties>
[...]
</properties>
  <testcase name="testInvalidRoleWordShouldFail" classname="deu.cse.lectureroomreservation2.server.control.LoginControllerTest" time="0.024"/>
  <testcase name="testValidStudentLogin" classname="deu.cse.lectureroomreservation2.server.control.LoginControllerTest" time="0.035"/>
  <testcase name="testValidProfessorLogin" classname="deu.cse.lectureroomreservation2.server.control.LoginControllerTest" time="0.008">
    <failure message="성공. ==&gt; expected: &lt;true&gt; but was: &lt;false&gt;" type="org.opentest4j.AssertionFailedError"><![CDATA[org.opentest4j.AssertionFailedError: 성공. ==> expected: <true> but was: <false>
	at org.junit.jupiter.api.AssertionFailureBuilder.build(AssertionFailureBuilder.java:151)
	at org.junit.jupiter.api.AssertionFailureBuilder.buildAndThrow(AssertionFailureBuilder.java:132)
	at org.junit.jupiter.api.AssertTrue.failNotTrue(AssertTrue.java:63)
	at org.junit.jupiter.api.AssertTrue.assertTrue(AssertTrue.java:36)
	at org.junit.jupiter.api.Assertions.assertTrue(Assertions.java:214)
	at deu.cse.lectureroomreservation2.server.control.LoginControllerTest.testValidProfessorLogin(LoginControllerTest.java:79)
	at java.base/java.lang.reflect.Method.invoke(Method.java:580)
	at java.base/java.util.ArrayList.forEach(ArrayList.java:1596)
	at java.base/java.util.ArrayList.forEach(ArrayList.java:1596)
]]></failure>
  </testcase>
  <testcase name="testInvalidIdLength" classname="deu.cse.lectureroomreservation2.server.control.LoginControllerTest" time="0.008"/>
</testsuite>