<?xml version="1.0" encoding="UTF-8"?>
<testsuite xmlns:xsi="http://www.w3.org/2001/XMLSchema-instance" xsi:noNamespaceSchemaLocation="https://maven.apache.org/surefire/maven-surefire-plugin/xsd/surefire-test-report-3.0.xsd" version="3.0" name="deu.cse.lectureroomreservation2.server.control.UserRequestControllerTest" time="0.064" tests="3" errors="2" skipped="0" failures="1">
  <properties>
[...]
</properties>
  <testcase name="testSaveUser" classname="deu.cse.lectureroomreservation2.server.control.UserRequestControllerTest" time="0.037">
    <error message="Cannot load from object array because &quot;userData&quot; is null" type="java.lang.NullPointerException"><![CDATA[java.lang.NullPointerException: Cannot load from object array because "userData" is null
	at deu.cse.lectureroomreservation2.server.control.UserRequestController.saveUser(UserRequestController.java:32)
	at deu.cse.lectureroomreservation2.server.control.UserRequestControllerTest.testSaveUser(UserRequestControllerTest.java:56)
	at java.base/java.lang.reflect.Method.invoke(Method.java:580)
	at java.base/java.util.ArrayList.forEach(ArrayList.java:1596)
	at java.base/java.util.ArrayList.forEach(ArrayList.java:1596)
]]></error>
    <system-out><![CDATA[saveUser
]]></system-out>
  </testcase>
  <testcase name="testSaveUserAndGetUpdatedList" classname="deu.cse.lectureroomreservation2.server.control.UserRequestControllerTest" time="0.004">
    <error message="Cannot load from object array because &quot;userData&quot; is null" type="java.lang.NullPointerException"><![CDATA[java.lang.NullPointerException: Cannot load from object array because "userData" is null
	at deu.cse.lectureroomreservation2.server.control.UserRequestController.saveUser(UserRequestController.java:32)
	at deu.cse.lectureroomreservation2.server.control.UserRequestController.saveUserAndGetUpdatedList(UserRequestController.java:42)
	at deu.cse.lectureroomreservation2.server.control.UserRequestControllerTest.testSaveUserAndGetUpdatedList(UserRequestControllerTest.java:65)
	at java.base/java.lang.reflect.Method.invoke(Method.java:580)
	at java.base/java.util.ArrayList.forEach(ArrayList.java:1596)
	at java.base/java.util.ArrayList.forEach(ArrayList.java:1596)
]]></error>
    <system-out><![CDATA[saveUserAndGetUpdatedList
]]></system-out>
  </testcase>
  <testcase name="testHandleSearchRequest" classname="deu.cse.lectureroomreservation2.server.control.UserRequestControllerTest" time="0.005">
    <failure message="expected: &lt;null&gt; but was: &lt;[]&gt;" type="org.opentest4j.AssertionFailedError"><![CDATA[org.opentest4j.AssertionFailedError: expected: <null> but was: <[]>
	at org.junit.jupiter.api.AssertionFailureBuilder.build(AssertionFailureBuilder.java:151)
	at org.junit.jupiter.api.AssertionFailureBuilder.buildAndThrow(AssertionFailureBuilder.java:132)
	at org.junit.jupiter.api.AssertEquals.failNotEqual(AssertEquals.java:197)
	at org.junit.jupiter.api.AssertEquals.assertEquals(AssertEquals.java:182)
	at org.junit.jupiter.api.AssertEquals.assertEquals(AssertEquals.java:177)
	at org.junit.jupiter.api.Assertions.assertEquals(Assertions.java:1145)
	at deu.cse.lectureroomreservation2.server.control.UserRequestControllerTest.testHandleSearchRequest(UserRequestControllerTest.java:48)
	at java.base/java.lang.reflect.Method.invoke(Method.java:580)
	at java.base/java.util.ArrayList.forEach(ArrayList.java:1596)
	at java.base/java.util.ArrayList.forEach(ArrayList.java:1596)
]]></failure>
    <system-out><![CDATA[handleSearchRequest
]]></system-out>
  </testcase>
</testsuite>